{"D:\\projects\\react-clean\\src\\data\\test\\mock-http-client.ts": {"path":"D:\\projects\\react-clean\\src\\data\\test\\mock-http-client.ts","statementMap":{"0":{"start":{"line":6,"column":4},"end":{"line":6,"column":19}},"1":{"start":{"line":7,"column":4},"end":{"line":7,"column":29}},"2":{"start":{"line":3,"column":0},"end":{"line":3,"column":13}}},"fnMap":{"0":{"name":"(anonymous_7)","decl":{"start":{"line":5,"column":8},"end":{"line":5,"column":12}},"loc":{"start":{"line":5,"column":24},"end":{"line":8,"column":null}}}},"branchMap":{},"s":{"0":1,"1":1,"2":1},"f":{"0":1},"b":{}}
,"D:\\projects\\react-clean\\src\\data\\usecases\\authentication\\remote-authenticaion.ts": {"path":"D:\\projects\\react-clean\\src\\data\\usecases\\authentication\\remote-authenticaion.ts","statementMap":{"0":{"start":{"line":5,"column":21},"end":{"line":5,"column":32}},"1":{"start":{"line":6,"column":21},"end":{"line":6,"column":51}},"2":{"start":{"line":9,"column":4},"end":{"line":9,"column":45}},"3":{"start":{"line":10,"column":4},"end":{"line":10,"column":29}},"4":{"start":{"line":3,"column":0},"end":{"line":3,"column":13}}},"fnMap":{"0":{"name":"(anonymous_7)","decl":{"start":{"line":4,"column":2},"end":{"line":4,"column":null}},"loc":{"start":{"line":6,"column":51},"end":{"line":7,"column":6}}},"1":{"name":"(anonymous_8)","decl":{"start":{"line":8,"column":8},"end":{"line":8,"column":12}},"loc":{"start":{"line":8,"column":12},"end":{"line":11,"column":null}}}},"branchMap":{},"s":{"0":1,"1":1,"2":1,"3":1,"4":1},"f":{"0":1,"1":1},"b":{}}
}
